<?xml version="1.0" encoding="UTF-8"?>
<!-- Generated by org.testng.reporters.JUnitReportReporter -->
<testsuite hostname="R90MWXVP" failures="0" tests="1" name="Group.Framework.AmazonTest" time="45.763" errors="0" timestamp="17 Aug 2018 22:28:06 GMT" skipped="0">
  <testcase classname="Group.Framework.AmazonTest" name="test" time="45.763"/>
</testsuite> <!-- Group.Framework.AmazonTest -->
